app/build/intermediates/manifest_merge_blame_file/debug/manifest-merger-blame-debug-report.txt
1<?xml version="1.0" encoding="utf-8"?>
2<manifest xmlns:android="http://schemas.android.com/apk/res/android"
3    package="com.budgettracker"
4    android:versionCode="1"
5    android:versionName="1.0" >
6
7    <uses-sdk
8        android:minSdkVersion="24"
9        android:targetSdkVersion="34" />
10
11    <!-- Camera permission for taking expense photos -->
12    <uses-permission android:name="android.permission.CAMERA" />
12-->src\main\AndroidManifest.xml:5:5-65
12-->src\main\AndroidManifest.xml:5:22-62
13    <!-- Read storage for picking photos from gallery (API < 33) -->
14    <uses-permission
14-->src\main\AndroidManifest.xml:7:5-8:38
15        android:name="android.permission.READ_EXTERNAL_STORAGE"
15-->src\main\AndroidManifest.xml:7:22-77
16        android:maxSdkVersion="32" />
16-->src\main\AndroidManifest.xml:8:9-35
17    <!-- API 33+ granular media permission -->
18    <uses-permission android:name="android.permission.READ_MEDIA_IMAGES" />
18-->src\main\AndroidManifest.xml:10:5-76
18-->src\main\AndroidManifest.xml:10:22-73
19
20    <permission
20-->[androidx.core:core:1.12.0] AndroidManifest.xml:22:5-24:47
21        android:name="com.budgettracker.DYNAMIC_RECEIVER_NOT_EXPORTED_PERMISSION"
21-->[androidx.core:core:1.12.0] AndroidManifest.xml:23:9-81
22        android:protectionLevel="signature" />
22-->[androidx.core:core:1.12.0] AndroidManifest.xml:24:9-44
23
24    <uses-permission android:name="com.budgettracker.DYNAMIC_RECEIVER_NOT_EXPORTED_PERMISSION" />
24-->[androidx.core:core:1.12.0] AndroidManifest.xml:26:5-97
24-->[androidx.core:core:1.12.0] AndroidManifest.xml:26:22-94
25
26    <application
26-->src\main\AndroidManifest.xml:12:5-83:19
27        android:allowBackup="true"
27-->src\main\AndroidManifest.xml:13:9-35
28        android:appComponentFactory="androidx.core.app.CoreComponentFactory"
28-->[androidx.core:core:1.12.0] AndroidManifest.xml:28:18-86
29        android:debuggable="true"
30        android:extractNativeLibs="false"
31        android:icon="@mipmap/ic_launcher"
31-->src\main\AndroidManifest.xml:14:9-43
32        android:label="@string/app_name"
32-->src\main\AndroidManifest.xml:15:9-41
33        android:roundIcon="@mipmap/ic_launcher_round"
33-->src\main\AndroidManifest.xml:16:9-54
34        android:supportsRtl="true"
34-->src\main\AndroidManifest.xml:17:9-35
35        android:theme="@style/Theme.BudgetTracker"
35-->src\main\AndroidManifest.xml:18:9-51
36        android:usesCleartextTraffic="false" >
36-->src\main\AndroidManifest.xml:19:9-45
37
38        <!-- FileProvider so we can share camera URIs securely (Android 7+) -->
39        <provider
40            android:name="androidx.core.content.FileProvider"
40-->src\main\AndroidManifest.xml:23:13-62
41            android:authorities="com.budgettracker.fileprovider"
41-->src\main\AndroidManifest.xml:24:13-64
42            android:exported="false"
42-->src\main\AndroidManifest.xml:25:13-37
43            android:grantUriPermissions="true" >
43-->src\main\AndroidManifest.xml:26:13-47
44            <meta-data
44-->src\main\AndroidManifest.xml:27:13-29:54
45                android:name="android.support.FILE_PROVIDER_PATHS"
45-->src\main\AndroidManifest.xml:28:17-67
46                android:resource="@xml/file_paths" />
46-->src\main\AndroidManifest.xml:29:17-51
47        </provider>
48
49        <!-- LOGIN screen is the launcher activity -->
50        <activity
50-->src\main\AndroidManifest.xml:33:9-41:20
51            android:name="com.budgettracker.ui.login.LoginActivity"
51-->src\main\AndroidManifest.xml:34:13-51
52            android:exported="true"
52-->src\main\AndroidManifest.xml:35:13-36
53            android:windowSoftInputMode="adjustResize" >
53-->src\main\AndroidManifest.xml:36:13-55
54            <intent-filter>
54-->src\main\AndroidManifest.xml:37:13-40:29
55                <action android:name="android.intent.action.MAIN" />
55-->src\main\AndroidManifest.xml:38:17-69
55-->src\main\AndroidManifest.xml:38:25-66
56
57                <category android:name="android.intent.category.LAUNCHER" />
57-->src\main\AndroidManifest.xml:39:17-77
57-->src\main\AndroidManifest.xml:39:27-74
58            </intent-filter>
59        </activity>
60        <activity
60-->src\main\AndroidManifest.xml:43:9-46:58
61            android:name="com.budgettracker.ui.login.RegisterActivity"
61-->src\main\AndroidManifest.xml:44:13-54
62            android:exported="false"
62-->src\main\AndroidManifest.xml:45:13-37
63            android:windowSoftInputMode="adjustResize" />
63-->src\main\AndroidManifest.xml:46:13-55
64        <activity
64-->src\main\AndroidManifest.xml:48:9-50:40
65            android:name="com.budgettracker.ui.dashboard.DashboardActivity"
65-->src\main\AndroidManifest.xml:49:13-59
66            android:exported="false" />
66-->src\main\AndroidManifest.xml:50:13-37
67        <activity
67-->src\main\AndroidManifest.xml:52:9-54:40
68            android:name="com.budgettracker.ui.categories.CategoryActivity"
68-->src\main\AndroidManifest.xml:53:13-59
69            android:exported="false" />
69-->src\main\AndroidManifest.xml:54:13-37
70        <activity
70-->src\main\AndroidManifest.xml:56:9-59:58
71            android:name="com.budgettracker.ui.categories.AddCategoryActivity"
71-->src\main\AndroidManifest.xml:57:13-62
72            android:exported="false"
72-->src\main\AndroidManifest.xml:58:13-37
73            android:windowSoftInputMode="adjustResize" />
73-->src\main\AndroidManifest.xml:59:13-55
74        <activity
74-->src\main\AndroidManifest.xml:61:9-64:58
75            android:name="com.budgettracker.ui.expenses.AddExpenseActivity"
75-->src\main\AndroidManifest.xml:62:13-59
76            android:exported="false"
76-->src\main\AndroidManifest.xml:63:13-37
77            android:windowSoftInputMode="adjustResize" />
77-->src\main\AndroidManifest.xml:64:13-55
78        <activity
78-->src\main\AndroidManifest.xml:66:9-68:40
79            android:name="com.budgettracker.ui.expenses.ExpenseListActivity"
79-->src\main\AndroidManifest.xml:67:13-60
80            android:exported="false" />
80-->src\main\AndroidManifest.xml:68:13-37
81        <activity
81-->src\main\AndroidManifest.xml:70:9-72:40
82            android:name="com.budgettracker.ui.expenses.ExpenseDetailActivity"
82-->src\main\AndroidManifest.xml:71:13-62
83            android:exported="false" />
83-->src\main\AndroidManifest.xml:72:13-37
84        <activity
84-->src\main\AndroidManifest.xml:74:9-77:58
85            android:name="com.budgettracker.ui.goals.GoalsActivity"
85-->src\main\AndroidManifest.xml:75:13-51
86            android:exported="false"
86-->src\main\AndroidManifest.xml:76:13-37
87            android:windowSoftInputMode="adjustResize" />
87-->src\main\AndroidManifest.xml:77:13-55
88        <activity
88-->src\main\AndroidManifest.xml:79:9-81:40
89            android:name="com.budgettracker.ui.reports.ReportActivity"
89-->src\main\AndroidManifest.xml:80:13-54
90            android:exported="false" />
90-->src\main\AndroidManifest.xml:81:13-37
91
92        <provider
92-->[androidx.emoji2:emoji2:1.2.0] AndroidManifest.xml:24:9-32:20
93            android:name="androidx.startup.InitializationProvider"
93-->[androidx.emoji2:emoji2:1.2.0] AndroidManifest.xml:25:13-67
94            android:authorities="com.budgettracker.androidx-startup"
94-->[androidx.emoji2:emoji2:1.2.0] AndroidManifest.xml:26:13-68
95            android:exported="false" >
95-->[androidx.emoji2:emoji2:1.2.0] AndroidManifest.xml:27:13-37
96            <meta-data
96-->[androidx.emoji2:emoji2:1.2.0] AndroidManifest.xml:29:13-31:52
97                android:name="androidx.emoji2.text.EmojiCompatInitializer"
97-->[androidx.emoji2:emoji2:1.2.0] AndroidManifest.xml:30:17-75
98                android:value="androidx.startup" />
98-->[androidx.emoji2:emoji2:1.2.0] AndroidManifest.xml:31:17-49
99            <meta-data
99-->[androidx.lifecycle:lifecycle-process:2.7.0] AndroidManifest.xml:29:13-31:52
100                android:name="androidx.lifecycle.ProcessLifecycleInitializer"
100-->[androidx.lifecycle:lifecycle-process:2.7.0] AndroidManifest.xml:30:17-78
101                android:value="androidx.startup" />
101-->[androidx.lifecycle:lifecycle-process:2.7.0] AndroidManifest.xml:31:17-49
102            <meta-data
102-->[androidx.profileinstaller:profileinstaller:1.3.0] AndroidManifest.xml:29:13-31:52
103                android:name="androidx.profileinstaller.ProfileInstallerInitializer"
103-->[androidx.profileinstaller:profileinstaller:1.3.0] AndroidManifest.xml:30:17-85
104                android:value="androidx.startup" />
104-->[androidx.profileinstaller:profileinstaller:1.3.0] AndroidManifest.xml:31:17-49
105        </provider>
106
107        <uses-library
107-->[androidx.window:window:1.0.0] AndroidManifest.xml:25:9-27:40
108            android:name="androidx.window.extensions"
108-->[androidx.window:window:1.0.0] AndroidManifest.xml:26:13-54
109            android:required="false" />
109-->[androidx.window:window:1.0.0] AndroidManifest.xml:27:13-37
110        <uses-library
110-->[androidx.window:window:1.0.0] AndroidManifest.xml:28:9-30:40
111            android:name="androidx.window.sidecar"
111-->[androidx.window:window:1.0.0] AndroidManifest.xml:29:13-51
112            android:required="false" />
112-->[androidx.window:window:1.0.0] AndroidManifest.xml:30:13-37
113
114        <service
114-->[androidx.room:room-runtime:2.6.1] AndroidManifest.xml:24:9-28:63
115            android:name="androidx.room.MultiInstanceInvalidationService"
115-->[androidx.room:room-runtime:2.6.1] AndroidManifest.xml:25:13-74
116            android:directBootAware="true"
116-->[androidx.room:room-runtime:2.6.1] AndroidManifest.xml:26:13-43
117            android:exported="false" />
117-->[androidx.room:room-runtime:2.6.1] AndroidManifest.xml:27:13-37
118
119        <receiver
119-->[androidx.profileinstaller:profileinstaller:1.3.0] AndroidManifest.xml:34:9-52:20
120            android:name="androidx.profileinstaller.ProfileInstallReceiver"
120-->[androidx.profileinstaller:profileinstaller:1.3.0] AndroidManifest.xml:35:13-76
121            android:directBootAware="false"
121-->[androidx.profileinstaller:profileinstaller:1.3.0] AndroidManifest.xml:36:13-44
122            android:enabled="true"
122-->[androidx.profileinstaller:profileinstaller:1.3.0] AndroidManifest.xml:37:13-35
123            android:exported="true"
123-->[androidx.profileinstaller:profileinstaller:1.3.0] AndroidManifest.xml:38:13-36
124            android:permission="android.permission.DUMP" >
124-->[androidx.profileinstaller:profileinstaller:1.3.0] AndroidManifest.xml:39:13-57
125            <intent-filter>
125-->[androidx.profileinstaller:profileinstaller:1.3.0] AndroidManifest.xml:40:13-42:29
126                <action android:name="androidx.profileinstaller.action.INSTALL_PROFILE" />
126-->[androidx.profileinstaller:profileinstaller:1.3.0] AndroidManifest.xml:41:17-91
126-->[androidx.profileinstaller:profileinstaller:1.3.0] AndroidManifest.xml:41:25-88
127            </intent-filter>
128            <intent-filter>
128-->[androidx.profileinstaller:profileinstaller:1.3.0] AndroidManifest.xml:43:13-45:29
129                <action android:name="androidx.profileinstaller.action.SKIP_FILE" />
129-->[androidx.profileinstaller:profileinstaller:1.3.0] AndroidManifest.xml:44:17-85
129-->[androidx.profileinstaller:profileinstaller:1.3.0] AndroidManifest.xml:44:25-82
130            </intent-filter>
131            <intent-filter>
131-->[androidx.profileinstaller:profileinstaller:1.3.0] AndroidManifest.xml:46:13-48:29
132                <action android:name="androidx.profileinstaller.action.SAVE_PROFILE" />
132-->[androidx.profileinstaller:profileinstaller:1.3.0] AndroidManifest.xml:47:17-88
132-->[androidx.profileinstaller:profileinstaller:1.3.0] AndroidManifest.xml:47:25-85
133            </intent-filter>
134            <intent-filter>
134-->[androidx.profileinstaller:profileinstaller:1.3.0] AndroidManifest.xml:49:13-51:29
135                <action android:name="androidx.profileinstaller.action.BENCHMARK_OPERATION" />
135-->[androidx.profileinstaller:profileinstaller:1.3.0] AndroidManifest.xml:50:17-95
135-->[androidx.profileinstaller:profileinstaller:1.3.0] AndroidManifest.xml:50:25-92
136            </intent-filter>
137        </receiver>
138    </application>
139
140</manifest>